<?xml version="1.0" encoding="UTF-8"?>
<!-- Generated by org.testng.reporters.JUnitXMLReporter -->
<testsuite hostname="ARUNS" ignored="4" name="Default test" tests="1" failures="0" timestamp="2023-01-26T08:48:33 IST" time="7.722" errors="0">
  <testcase name="verify_Incorrect_Login" time="0.918" classname="org.tditproject.qa.tests.LoginPageTest"/>
  <testcase name="verify_LoginPage_Tittle" time="0.0" classname="org.tditproject.qa.tests.LoginPageTest">
    <ignored/>
  </testcase> <!-- verify_LoginPage_Tittle -->
  <testcase name="verify_LoginPage_Header" time="0.0" classname="org.tditproject.qa.tests.LoginPageTest">
    <ignored/>
  </testcase> <!-- verify_LoginPage_Header -->
  <testcase name="verify_Correct_Login" time="0.0" classname="org.tditproject.qa.tests.LoginPageTest">
    <ignored/>
  </testcase> <!-- verify_Correct_Login -->
  <testcase name="verify_Blank_Inputs" time="0.0" classname="org.tditproject.qa.tests.LoginPageTest">
    <ignored/>
  </testcase> <!-- verify_Blank_Inputs -->
</testsuite> <!-- Default test -->
