<?xml version="1.0" encoding="UTF-8"?>
<!-- Generated by org.testng.reporters.JUnitXMLReporter -->
<testsuite hostname="ARUNS" ignored="0" name="Test" tests="7" failures="0" timestamp="2023-01-27T10:08:19 IST" time="40.383" errors="0">
  <testcase name="verify_Blank_Inputs" time="0.489" classname="org.tditproject.qa.tests.LoginPageTest"/>
  <testcase name="verify_Correct_Login" time="1.339" classname="org.tditproject.qa.tests.LoginPageTest"/>
  <testcase name="verify_Incorrect_Login" time="0.456" classname="org.tditproject.qa.tests.LoginPageTest"/>
  <testcase name="verify_LoginPage_Header" time="0.063" classname="org.tditproject.qa.tests.LoginPageTest"/>
  <testcase name="verify_LoginPage_Tittle" time="0.066" classname="org.tditproject.qa.tests.LoginPageTest"/>
  <testcase name="verify_Sidebar_Header_Links" time="1.176" classname="org.tditproject.qa.tests.HomePageTest"/>
  <testcase name="verify_Sidebar_Headers" time="4.09" classname="org.tditproject.qa.tests.HomePageTest"/>
</testsuite> <!-- Test -->
